\BOOKMARK [1][-]{section*.2}{\376\377\000A\000b\000s\000t\000r\000a\000c\000t}{}% 1
\BOOKMARK [1][-]{section*.3}{\376\377\000I\000n\000t\000r\000o\000d\000u\000c\000t\000i\000o\000n}{}% 2
\BOOKMARK [1][-]{section*.4}{\376\377\000A\000n\000a\000l\000y\000s\000i\000s\000\040\000o\000f\000\040\000A\000r\000c\000h\000e\000g\000o\000s\000'\000\040\000P\000o\000s\000i\000t\000i\000o\000n\000s}{}% 3
\BOOKMARK [1][-]{section*.5}{\376\377\000T\000R\000S}{}% 4
\BOOKMARK [2][-]{section*.6}{\376\377\000G\000e\000n\000e\000r\000a\000l\000\040\000m\000e\000c\000h\000a\000n\000i\000c\000s}{section*.5}% 5
\BOOKMARK [2][-]{section*.7}{\376\377\000S\000c\000e\000n\000a\000r\000i\000o\000\040\0001\000:\000\040\000w\000i\000n\000-\000w\000i\000n}{section*.5}% 6
\BOOKMARK [2][-]{section*.8}{\376\377\000S\000c\000e\000n\000a\000r\000i\000o\000\040\0002\000:\000\040\000l\000o\000s\000e\000-\000w\000i\000n}{section*.5}% 7
\BOOKMARK [2][-]{section*.9}{\376\377\000S\000c\000e\000n\000a\000r\000i\000o\000\040\0003\000:\000\040\000l\000o\000s\000e\000-\000l\000o\000s\000e\000\040\000s\000i\000t\000u\000a\000t\000i\000o\000n}{section*.5}% 8
\BOOKMARK [1][-]{section*.10}{\376\377\000T\000h\000e\000\040\000R\000o\000l\000e\000\040\000o\000f\000\040\000L\000e\000v\000e\000r\000a\000g\000e}{}% 9
\BOOKMARK [2][-]{section*.11}{\376\377\000S\000E\000C\000\040\000F\000o\000r\000m\000\040\0001\0003\000F}{section*.10}% 10
\BOOKMARK [2][-]{section*.12}{\376\377\000E\000x\000p\000o\000s\000u\000r\000e\000s\000\040\000c\000o\000m\000p\000a\000r\000e\000d}{section*.10}% 11
\BOOKMARK [2][-]{section*.13}{\376\377\000E\000s\000t\000i\000m\000a\000t\000e\000d\000\040\000l\000o\000s\000s\000e\000s}{section*.10}% 12
\BOOKMARK [2][-]{section*.14}{\376\377\000S\000u\000g\000g\000e\000s\000t\000e\000d\000\040\000m\000a\000r\000g\000i\000n\000s}{section*.10}% 13
\BOOKMARK [2][-]{section*.15}{\376\377\000O\000v\000e\000r\000a\000l\000l\000\040\000h\000i\000g\000h\000\040\000l\000o\000s\000s\000e\000s}{section*.10}% 14
\BOOKMARK [2][-]{section*.16}{\376\377\000R\000e\000g\000u\000l\000a\000t\000i\000o\000n\000s}{section*.10}% 15
\BOOKMARK [1][-]{section*.17}{\376\377\000C\000a\000u\000s\000e\000s\000\040\000F\000o\000r\000\040\000T\000h\000e\000\040\000F\000i\000a\000s\000c\000o}{}% 16
\BOOKMARK [2][-]{section*.18}{\376\377\000C\000S\0004\0000\0000}{section*.17}% 17
\BOOKMARK [2][-]{section*.19}{\376\377\000F\000a\000i\000l\000u\000r\000e\000s\000\040\000o\000f\000\040\000t\000h\000e\000\040\000r\000i\000s\000k\000\040\000m\000a\000n\000a\000n\000a\000g\000e\000m\000e\000n\000t}{section*.17}% 18
\BOOKMARK [3][-]{section*.20}{\376\377\000S\000e\000n\000i\000o\000r\000\040\000m\000a\000n\000a\000g\000e\000m\000e\000n\000t\000\040\000i\000n\000v\000o\000l\000v\000e\000m\000e\000n\000t}{section*.19}% 19
\BOOKMARK [3][-]{section*.21}{\376\377\000C\000r\000e\000a\000t\000i\000o\000n\000/\000r\000e\000v\000i\000e\000w\000\040\000o\000f\000\040\000i\000n\000t\000e\000r\000n\000a\000l\000\040\000m\000a\000t\000h\000e\000m\000a\000t\000i\000c\000a\000l\000\040\000m\000o\000d\000e\000l\000s}{section*.19}% 20
\BOOKMARK [3][-]{section*.22}{\376\377\000S\000t\000r\000o\000n\000g\000\040\000o\000v\000e\000r\000a\000l\000l\000\040\000c\000o\000m\000p\000l\000i\000a\000n\000c\000e\000\040\000c\000u\000l\000t\000u\000r\000e\000\040\000a\000t\000\040\000t\000h\000e\000\040\000f\000i\000r\000m}{section*.19}% 21
\BOOKMARK [3][-]{section*.23}{\376\377\000E\000f\000f\000e\000c\000t\000i\000v\000e\000\040\000r\000e\000c\000o\000n\000c\000i\000l\000i\000a\000t\000i\000o\000n\000\040\000p\000r\000o\000c\000e\000s\000s\000\040\000t\000o\000\040\000e\000n\000s\000u\000r\000e\000\040\000d\000a\000t\000a\000\040\000i\000n\000t\000e\000g\000r\000i\000t\000y\000\040\000a\000n\000d\000\040\000c\000o\000m\000p\000l\000e\000t\000e\000n\000e\000s\000s}{section*.19}% 22
\BOOKMARK [2][-]{section*.24}{\376\377\000W\000h\000y\000\040\000d\000i\000d\000\040\000n\000o\000b\000o\000d\000y\000\040\000n\000o\000t\000i\000c\000e\000?}{section*.17}% 23
\BOOKMARK [1][-]{section*.25}{\376\377\000V\000a\000l\000u\000a\000t\000i\000o\000n\000\040\000-\000\040\000D\000i\000d\000\040\000T\000h\000e\000\040\000M\000a\000r\000k\000e\000t\000\040\000O\000v\000e\000r\000r\000e\000a\000c\000t\000?}{}% 24
\BOOKMARK [2][-]{section*.26}{\376\377\000E\000q\000u\000i\000t\000y\000\040\000E\000x\000c\000e\000s\000s\000\040\000R\000e\000t\000u\000r\000n\000s\000\040\000\050\000E\000E\000R\000\051}{section*.25}% 25
\BOOKMARK [2][-]{section*.27}{\376\377\000S\000t\000a\000n\000d\000a\000r\000d\000\040\000a\000s\000s\000u\000m\000p\000t\000i\000o\000n\000s\000\040\000o\000f\000\040\000t\000h\000e\000\040\000m\000o\000d\000e\000l}{section*.25}% 26
\BOOKMARK [3][-]{section*.28}{\376\377\000B\000o\000o\000k\000\040\000v\000a\000l\000u\000e\000\040\000a\000s\000\040\000a\000\040\000m\000e\000a\000s\000u\000r\000e\000\040\000o\000f\000\040\000e\000q\000u\000i\000t\000y\000\040\000c\000a\000p\000i\000t\000a\000l\000\040\000i\000n\000v\000e\000s\000t\000e\000d}{section*.27}% 27
\BOOKMARK [3][-]{section*.29}{\376\377\000D\000i\000s\000c\000o\000u\000n\000t\000\040\000r\000a\000t\000e}{section*.27}% 28
\BOOKMARK [3][-]{section*.30}{\376\377\000N\000u\000m\000b\000e\000r\000\040\000o\000f\000\040\000p\000e\000r\000i\000o\000d\000s}{section*.27}% 29
\BOOKMARK [3][-]{section*.31}{\376\377\000C\000o\000n\000s\000t\000a\000n\000t\000\040\000R\000O\000E}{section*.27}% 30
\BOOKMARK [3][-]{section*.32}{\376\377\000C\000o\000n\000s\000t\000a\000n\000t\000\040\000d\000i\000v\000i\000d\000e\000n\000d\000\040\000p\000a\000y\000o\000u\000t\000\040\000r\000a\000t\000i\000o}{section*.27}% 31
\BOOKMARK [2][-]{section*.33}{\376\377\000O\000u\000r\000\040\000s\000e\000t\000u\000p\000\040\000-\000\040\000b\000e\000f\000o\000r\000e\000\040\000A\000r\000c\000h\000e\000g\000o\000s\000\040\000\050\0003\0001\000.\0001\0002\000.\0002\0000\0002\0000\000\051}{section*.25}% 32
\BOOKMARK [3][-]{section*.34}{\376\377\000B\000o\000o\000k\000\040\000v\000a\000l\000u\000e\000\050\000s\000\051}{section*.33}% 33
\BOOKMARK [3][-]{section*.35}{\376\377\000E\000P\000S\000\040\000/\000\040\000N\000e\000t\000\040\000i\000n\000c\000o\000m\000e}{section*.33}% 34
\BOOKMARK [3][-]{section*.36}{\376\377\000E\000q\000u\000i\000t\000y\000\040\000c\000o\000s\000t}{section*.33}% 35
\BOOKMARK [3][-]{section*.37}{\376\377\000T\000e\000r\000m\000i\000n\000a\000l\000\040\000v\000a\000l\000u\000e}{section*.33}% 36
\BOOKMARK [3][-]{section*.38}{\376\377\000V\000a\000l\000u\000a\000t\000i\000o\000n\000\040\000T\000a\000b\000l\000e}{section*.33}% 37
\BOOKMARK [2][-]{section*.39}{\376\377\000O\000u\000r\000\040\000s\000e\000t\000u\000p\000\040\000-\000\040\000a\000f\000t\000e\000r\000\040\000A\000r\000c\000h\000e\000g\000o\000s\000\040\000\050\0003\0001\000.\0003\000.\0002\0000\0002\0001\000\051}{section*.25}% 38
\BOOKMARK [3][-]{section*.40}{\376\377\000E\000q\000u\000i\000t\000y\000\040\000c\000o\000s\000t}{section*.39}% 39
\BOOKMARK [3][-]{section*.41}{\376\377\000V\000a\000l\000u\000a\000t\000i\000o\000n\000\040\000t\000a\000b\000l\000e}{section*.39}% 40
\BOOKMARK [2][-]{section*.42}{\376\377\000R\000e\000l\000a\000t\000i\000v\000e\000\040\000v\000a\000l\000u\000a\000t\000i\000o\000n}{section*.25}% 41
\BOOKMARK [1][-]{section*.43}{\376\377\000C\000o\000n\000c\000l\000u\000s\000i\000o\000n}{}% 42
\BOOKMARK [1][-]{section*.44}{\376\377\000R\000e\000f\000e\000r\000e\000n\000c\000e\000s}{}% 43
\BOOKMARK [2][-]{section*.45}{}{section*.44}% 44
